  lib_register_tcd.cpp
c:\users\aljuasin\desktop\captura_tcd\lib_register_tcd\lib_register_tcd\lib_register_tcd.h(163): warning C4251: 'RegisterTCD::thermal_cameraMatrix': class 'cv::Mat' necesita tener una interfaz DLL para que la utilicen los clientes de class 'RegisterTCD'
  c:\users\aljuasin\desktop\captura_tcd\opencv\include\opencv2\core\mat.hpp(801): note: vea la declaración de 'cv::Mat'
c:\users\aljuasin\desktop\captura_tcd\lib_register_tcd\lib_register_tcd\lib_register_tcd.h(163): warning C4251: 'RegisterTCD::thermal_distCoeff': class 'cv::Mat' necesita tener una interfaz DLL para que la utilicen los clientes de class 'RegisterTCD'
  c:\users\aljuasin\desktop\captura_tcd\opencv\include\opencv2\core\mat.hpp(801): note: vea la declaración de 'cv::Mat'
c:\users\aljuasin\desktop\captura_tcd\lib_register_tcd\lib_register_tcd\lib_register_tcd.h(164): warning C4251: 'RegisterTCD::color_cameraMatrix': class 'cv::Mat' necesita tener una interfaz DLL para que la utilicen los clientes de class 'RegisterTCD'
  c:\users\aljuasin\desktop\captura_tcd\opencv\include\opencv2\core\mat.hpp(801): note: vea la declaración de 'cv::Mat'
c:\users\aljuasin\desktop\captura_tcd\lib_register_tcd\lib_register_tcd\lib_register_tcd.h(164): warning C4251: 'RegisterTCD::color_distCoeff': class 'cv::Mat' necesita tener una interfaz DLL para que la utilicen los clientes de class 'RegisterTCD'
  c:\users\aljuasin\desktop\captura_tcd\opencv\include\opencv2\core\mat.hpp(801): note: vea la declaración de 'cv::Mat'
c:\users\aljuasin\desktop\captura_tcd\lib_register_tcd\lib_register_tcd\lib_register_tcd.h(165): warning C4251: 'RegisterTCD::R': class 'cv::Mat' necesita tener una interfaz DLL para que la utilicen los clientes de class 'RegisterTCD'
  c:\users\aljuasin\desktop\captura_tcd\opencv\include\opencv2\core\mat.hpp(801): note: vea la declaración de 'cv::Mat'
c:\users\aljuasin\desktop\captura_tcd\lib_register_tcd\lib_register_tcd\lib_register_tcd.h(165): warning C4251: 'RegisterTCD::T': class 'cv::Mat' necesita tener una interfaz DLL para que la utilicen los clientes de class 'RegisterTCD'
  c:\users\aljuasin\desktop\captura_tcd\opencv\include\opencv2\core\mat.hpp(801): note: vea la declaración de 'cv::Mat'
c:\users\aljuasin\desktop\captura_tcd\lib_register_tcd\lib_register_tcd\lib_register_tcd.h(165): warning C4251: 'RegisterTCD::RT': class 'cv::Mat' necesita tener una interfaz DLL para que la utilicen los clientes de class 'RegisterTCD'
  c:\users\aljuasin\desktop\captura_tcd\opencv\include\opencv2\core\mat.hpp(801): note: vea la declaración de 'cv::Mat'
c:\users\aljuasin\desktop\captura_tcd\lib_register_tcd\lib_register_tcd\lib_register_tcd.h(166): warning C4251: 'RegisterTCD::t_frame': class 'cv::Mat' necesita tener una interfaz DLL para que la utilicen los clientes de class 'RegisterTCD'
  c:\users\aljuasin\desktop\captura_tcd\opencv\include\opencv2\core\mat.hpp(801): note: vea la declaración de 'cv::Mat'
c:\users\aljuasin\desktop\captura_tcd\lib_register_tcd\lib_register_tcd\lib_register_tcd.h(166): warning C4251: 'RegisterTCD::c_frame': class 'cv::Mat' necesita tener una interfaz DLL para que la utilicen los clientes de class 'RegisterTCD'
  c:\users\aljuasin\desktop\captura_tcd\opencv\include\opencv2\core\mat.hpp(801): note: vea la declaración de 'cv::Mat'
c:\users\aljuasin\desktop\captura_tcd\lib_register_tcd\lib_register_tcd\lib_register_tcd.h(166): warning C4251: 'RegisterTCD::d_frame': class 'cv::Mat' necesita tener una interfaz DLL para que la utilicen los clientes de class 'RegisterTCD'
  c:\users\aljuasin\desktop\captura_tcd\opencv\include\opencv2\core\mat.hpp(801): note: vea la declaración de 'cv::Mat'
c:\users\aljuasin\desktop\captura_tcd\lib_register_tcd\lib_register_tcd\lib_register_tcd.h(167): warning C4251: 'RegisterTCD::warpedImage': class 'cv::Mat' necesita tener una interfaz DLL para que la utilicen los clientes de class 'RegisterTCD'
  c:\users\aljuasin\desktop\captura_tcd\opencv\include\opencv2\core\mat.hpp(801): note: vea la declaración de 'cv::Mat'
c:\users\aljuasin\desktop\captura_tcd\lib_register_tcd\lib_register_tcd\lib_register_tcd.h(167): warning C4251: 'RegisterTCD::warpedDepth': class 'cv::Mat' necesita tener una interfaz DLL para que la utilicen los clientes de class 'RegisterTCD'
  c:\users\aljuasin\desktop\captura_tcd\opencv\include\opencv2\core\mat.hpp(801): note: vea la declaración de 'cv::Mat'
c:\users\aljuasin\desktop\captura_tcd\lib_register_tcd\lib_register_tcd\lib_register_tcd.h(167): warning C4251: 'RegisterTCD::warpedThermal': class 'cv::Mat' necesita tener una interfaz DLL para que la utilicen los clientes de class 'RegisterTCD'
  c:\users\aljuasin\desktop\captura_tcd\opencv\include\opencv2\core\mat.hpp(801): note: vea la declaración de 'cv::Mat'
c:\users\aljuasin\desktop\captura_tcd\lib_register_tcd\lib_register_tcd\lib_register_tcd.cpp(11): warning C4273: 'RegisterTCD::RegisterTCD': vinculación de DLL incoherente
  c:\users\aljuasin\desktop\captura_tcd\lib_register_tcd\lib_register_tcd\lib_register_tcd.h(41): note: vea la definición anterior de '{ctor}'
c:\users\aljuasin\desktop\captura_tcd\lib_register_tcd\lib_register_tcd\lib_register_tcd.cpp(27): warning C4273: 'RegisterTCD::RegisterTCD': vinculación de DLL incoherente
  c:\users\aljuasin\desktop\captura_tcd\lib_register_tcd\lib_register_tcd\lib_register_tcd.h(47): note: vea la definición anterior de '{ctor}'
c:\users\aljuasin\desktop\captura_tcd\lib_register_tcd\lib_register_tcd\lib_register_tcd.cpp(62): warning C4273: 'RegisterTCD::RegisterTCD': vinculación de DLL incoherente
  c:\users\aljuasin\desktop\captura_tcd\lib_register_tcd\lib_register_tcd\lib_register_tcd.h(63): note: vea la definición anterior de '{ctor}'
c:\users\aljuasin\desktop\captura_tcd\lib_register_tcd\lib_register_tcd\lib_register_tcd.cpp(81): warning C4273: 'RegisterTCD::~RegisterTCD': vinculación de DLL incoherente
  c:\users\aljuasin\desktop\captura_tcd\lib_register_tcd\lib_register_tcd\lib_register_tcd.h(66): note: vea la definición anterior de '{dtor}'
c:\users\aljuasin\desktop\captura_tcd\lib_register_tcd\lib_register_tcd\lib_register_tcd.cpp(99): warning C4273: 'RegisterTCD::createRT': vinculación de DLL incoherente
  c:\users\aljuasin\desktop\captura_tcd\lib_register_tcd\lib_register_tcd\lib_register_tcd.h(170): note: vea la definición anterior de 'createRT'
c:\users\aljuasin\desktop\captura_tcd\lib_register_tcd\lib_register_tcd\lib_register_tcd.cpp(116): warning C4273: 'RegisterTCD::readRGBimage': vinculación de DLL incoherente
  c:\users\aljuasin\desktop\captura_tcd\lib_register_tcd\lib_register_tcd\lib_register_tcd.h(71): note: vea la definición anterior de 'readRGBimage'
c:\users\aljuasin\desktop\captura_tcd\lib_register_tcd\lib_register_tcd\lib_register_tcd.cpp(127): warning C4273: 'RegisterTCD::readGRAYimage': vinculación de DLL incoherente
  c:\users\aljuasin\desktop\captura_tcd\lib_register_tcd\lib_register_tcd\lib_register_tcd.h(75): note: vea la definición anterior de 'readGRAYimage'
c:\users\aljuasin\desktop\captura_tcd\lib_register_tcd\lib_register_tcd\lib_register_tcd.cpp(138): warning C4273: 'RegisterTCD::writeRGBimage': vinculación de DLL incoherente
  c:\users\aljuasin\desktop\captura_tcd\lib_register_tcd\lib_register_tcd\lib_register_tcd.h(79): note: vea la definición anterior de 'writeRGBimage'
c:\users\aljuasin\desktop\captura_tcd\lib_register_tcd\lib_register_tcd\lib_register_tcd.cpp(152): warning C4273: 'RegisterTCD::writeRGBAimage': vinculación de DLL incoherente
  c:\users\aljuasin\desktop\captura_tcd\lib_register_tcd\lib_register_tcd\lib_register_tcd.h(83): note: vea la definición anterior de 'writeRGBAimage'
c:\users\aljuasin\desktop\captura_tcd\lib_register_tcd\lib_register_tcd\lib_register_tcd.cpp(166): warning C4273: 'RegisterTCD::writeGRAYimage': vinculación de DLL incoherente
  c:\users\aljuasin\desktop\captura_tcd\lib_register_tcd\lib_register_tcd\lib_register_tcd.h(87): note: vea la definición anterior de 'writeGRAYimage'
c:\users\aljuasin\desktop\captura_tcd\lib_register_tcd\lib_register_tcd\lib_register_tcd.cpp(180): warning C4273: 'RegisterTCD::ushortToMat1c': vinculación de DLL incoherente
  c:\users\aljuasin\desktop\captura_tcd\lib_register_tcd\lib_register_tcd\lib_register_tcd.h(147): note: vea la definición anterior de 'ushortToMat1c'
c:\users\aljuasin\desktop\captura_tcd\lib_register_tcd\lib_register_tcd\lib_register_tcd.cpp(191): warning C4273: 'RegisterTCD::ucharToMat1c': vinculación de DLL incoherente
  c:\users\aljuasin\desktop\captura_tcd\lib_register_tcd\lib_register_tcd\lib_register_tcd.h(148): note: vea la definición anterior de 'ucharToMat1c'
c:\users\aljuasin\desktop\captura_tcd\lib_register_tcd\lib_register_tcd\lib_register_tcd.cpp(202): warning C4273: 'RegisterTCD::ucharToMat3c': vinculación de DLL incoherente
  c:\users\aljuasin\desktop\captura_tcd\lib_register_tcd\lib_register_tcd\lib_register_tcd.h(149): note: vea la definición anterior de 'ucharToMat3c'
c:\users\aljuasin\desktop\captura_tcd\lib_register_tcd\lib_register_tcd\lib_register_tcd.cpp(213): warning C4273: 'RegisterTCD::ucharToMat4c': vinculación de DLL incoherente
  c:\users\aljuasin\desktop\captura_tcd\lib_register_tcd\lib_register_tcd\lib_register_tcd.h(150): note: vea la definición anterior de 'ucharToMat4c'
c:\users\aljuasin\desktop\captura_tcd\lib_register_tcd\lib_register_tcd\lib_register_tcd.cpp(224): warning C4273: 'RegisterTCD::matToUshort': vinculación de DLL incoherente
  c:\users\aljuasin\desktop\captura_tcd\lib_register_tcd\lib_register_tcd\lib_register_tcd.h(152): note: vea la definición anterior de 'matToUshort'
c:\users\aljuasin\desktop\captura_tcd\lib_register_tcd\lib_register_tcd\lib_register_tcd.cpp(226): warning C4267: 'inicializando': conversión de 'size_t' a 'int'; posible pérdida de datos
c:\users\aljuasin\desktop\captura_tcd\lib_register_tcd\lib_register_tcd\lib_register_tcd.cpp(233): warning C4273: 'RegisterTCD::matToUchar': vinculación de DLL incoherente
  c:\users\aljuasin\desktop\captura_tcd\lib_register_tcd\lib_register_tcd\lib_register_tcd.h(153): note: vea la definición anterior de 'matToUchar'
c:\users\aljuasin\desktop\captura_tcd\lib_register_tcd\lib_register_tcd\lib_register_tcd.cpp(235): warning C4267: 'inicializando': conversión de 'size_t' a 'int'; posible pérdida de datos
c:\users\aljuasin\desktop\captura_tcd\lib_register_tcd\lib_register_tcd\lib_register_tcd.cpp(242): warning C4273: 'RegisterTCD::makeAlpha': vinculación de DLL incoherente
  c:\users\aljuasin\desktop\captura_tcd\lib_register_tcd\lib_register_tcd\lib_register_tcd.h(181): note: vea la definición anterior de 'makeAlpha'
c:\users\aljuasin\desktop\captura_tcd\lib_register_tcd\lib_register_tcd\lib_register_tcd.cpp(267): warning C4273: 'RegisterTCD::doColorMap': vinculación de DLL incoherente
  c:\users\aljuasin\desktop\captura_tcd\lib_register_tcd\lib_register_tcd\lib_register_tcd.h(182): note: vea la definición anterior de 'doColorMap'
c:\users\aljuasin\desktop\captura_tcd\lib_register_tcd\lib_register_tcd\lib_register_tcd.cpp(270): warning C4244: 'inicializando': conversión de 'float' a 'int'; posible pérdida de datos
c:\users\aljuasin\desktop\captura_tcd\lib_register_tcd\lib_register_tcd\lib_register_tcd.cpp(271): warning C4244: 'inicializando': conversión de 'float' a 'int'; posible pérdida de datos
c:\users\aljuasin\desktop\captura_tcd\lib_register_tcd\lib_register_tcd\lib_register_tcd.cpp(312): warning C4273: 'RegisterTCD::doColorMapWithMask': vinculación de DLL incoherente
  c:\users\aljuasin\desktop\captura_tcd\lib_register_tcd\lib_register_tcd\lib_register_tcd.h(127): note: vea la definición anterior de 'doColorMapWithMask'
c:\users\aljuasin\desktop\captura_tcd\lib_register_tcd\lib_register_tcd\lib_register_tcd.cpp(315): warning C4244: 'inicializando': conversión de 'float' a 'int'; posible pérdida de datos
c:\users\aljuasin\desktop\captura_tcd\lib_register_tcd\lib_register_tcd\lib_register_tcd.cpp(316): warning C4244: 'inicializando': conversión de 'float' a 'int'; posible pérdida de datos
c:\users\aljuasin\desktop\captura_tcd\lib_register_tcd\lib_register_tcd\lib_register_tcd.cpp(372): warning C4273: 'RegisterTCD::doColorMap': vinculación de DLL incoherente
  c:\users\aljuasin\desktop\captura_tcd\lib_register_tcd\lib_register_tcd\lib_register_tcd.h(144): note: vea la definición anterior de 'doColorMap'
c:\users\aljuasin\desktop\captura_tcd\lib_register_tcd\lib_register_tcd\lib_register_tcd.cpp(389): warning C4273: 'RegisterTCD::overlapImages': vinculación de DLL incoherente
  c:\users\aljuasin\desktop\captura_tcd\lib_register_tcd\lib_register_tcd\lib_register_tcd.h(129): note: vea la definición anterior de 'overlapImages'
c:\users\aljuasin\desktop\captura_tcd\lib_register_tcd\lib_register_tcd\lib_register_tcd.cpp(417): warning C4244: '=': conversión de 'double' a 'uchar'; posible pérdida de datos
c:\users\aljuasin\desktop\captura_tcd\lib_register_tcd\lib_register_tcd\lib_register_tcd.cpp(424): warning C4273: 'RegisterTCD::overlapImages': vinculación de DLL incoherente
  c:\users\aljuasin\desktop\captura_tcd\lib_register_tcd\lib_register_tcd\lib_register_tcd.h(145): note: vea la definición anterior de 'overlapImages'
c:\users\aljuasin\desktop\captura_tcd\lib_register_tcd\lib_register_tcd\lib_register_tcd.cpp(438): warning C4273: 'RegisterTCD::uchar3cImagePtr': vinculación de DLL incoherente
  c:\users\aljuasin\desktop\captura_tcd\lib_register_tcd\lib_register_tcd\lib_register_tcd.h(109): note: vea la definición anterior de 'uchar3cImagePtr'
c:\users\aljuasin\desktop\captura_tcd\lib_register_tcd\lib_register_tcd\lib_register_tcd.cpp(444): warning C4273: 'RegisterTCD::uchar1cImagePtr': vinculación de DLL incoherente
  c:\users\aljuasin\desktop\captura_tcd\lib_register_tcd\lib_register_tcd\lib_register_tcd.h(114): note: vea la definición anterior de 'uchar1cImagePtr'
c:\users\aljuasin\desktop\captura_tcd\lib_register_tcd\lib_register_tcd\lib_register_tcd.cpp(450): warning C4273: 'RegisterTCD::uchar4cImagePtr': vinculación de DLL incoherente
  c:\users\aljuasin\desktop\captura_tcd\lib_register_tcd\lib_register_tcd\lib_register_tcd.h(119): note: vea la definición anterior de 'uchar4cImagePtr'
c:\users\aljuasin\desktop\captura_tcd\lib_register_tcd\lib_register_tcd\lib_register_tcd.cpp(456): warning C4273: 'RegisterTCD::ushort1cImagePtr': vinculación de DLL incoherente
  c:\users\aljuasin\desktop\captura_tcd\lib_register_tcd\lib_register_tcd\lib_register_tcd.h(124): note: vea la definición anterior de 'ushort1cImagePtr'
c:\users\aljuasin\desktop\captura_tcd\lib_register_tcd\lib_register_tcd\lib_register_tcd.cpp(465): warning C4273: 'RegisterTCD::update': vinculación de DLL incoherente
  c:\users\aljuasin\desktop\captura_tcd\lib_register_tcd\lib_register_tcd\lib_register_tcd.h(102): note: vea la definición anterior de 'update'
c:\users\aljuasin\desktop\captura_tcd\lib_register_tcd\lib_register_tcd\lib_register_tcd.cpp(542): warning C4273: 'RegisterTCD::registerImages': vinculación de DLL incoherente
  c:\users\aljuasin\desktop\captura_tcd\lib_register_tcd\lib_register_tcd\lib_register_tcd.h(186): note: vea la definición anterior de 'registerImages'
c:\users\aljuasin\desktop\captura_tcd\lib_register_tcd\lib_register_tcd\lib_register_tcd.cpp(754): warning C4273: 'RegisterTCD::refill': vinculación de DLL incoherente
  c:\users\aljuasin\desktop\captura_tcd\lib_register_tcd\lib_register_tcd\lib_register_tcd.h(179): note: vea la definición anterior de 'refill'
c:\users\aljuasin\desktop\captura_tcd\lib_register_tcd\lib_register_tcd\lib_register_tcd.cpp(796): warning C4273: 'RegisterTCD::errorHandler': vinculación de DLL incoherente
  c:\users\aljuasin\desktop\captura_tcd\lib_register_tcd\lib_register_tcd\lib_register_tcd.h(188): note: vea la definición anterior de 'errorHandler'
     Creando biblioteca C:\Users\aljuasin\Desktop\captura_tcd\lib_register_tcd\x64\Release\lib_register_tcd.lib y objeto C:\Users\aljuasin\Desktop\captura_tcd\lib_register_tcd\x64\Release\lib_register_tcd.exp
  Generando código
  2 of 310 functions ( 0.6%) were compiled, the rest were copied from previous compilation.
    0 functions were new in current compilation
    0 functions had inline decision re-evaluated but remain unchanged
  Generación de código finalizada
  lib_register_tcd.vcxproj -> C:\Users\aljuasin\Desktop\captura_tcd\lib_register_tcd\x64\Release\lib_register_tcd.dll
